Using gromos method for clustering
Using RMSD cutoff 0.2 nm
The RMSD ranges from 0.0219908 to 1.05077 nm
Average RMSD is 0.427201
Number of structures for matrix 4568
Energy of the matrix is 617.555.

Found 281 clusters

Writing middle structure for each cluster to BP1_20-clusters.pdb
Writing all structures for the first 20 clusters with more than 1 structures to BP1_20-clusters.pdb%03d.pdb

cl. | #st  rmsd | middle rmsd | cluster members
  1 | 409  0.216 |  48700 .173 |   6550  10150  10250  10300  10900  11100  12450
    |           |             |  13100  13200  13300  13350  13500  13650  14200
    |           |             |  15450  15700  15750  15800  16050  16400  16500
    |           |             |  16600  16650  16700  16750  16850  17100  17200
    |           |             |  17650  17750  18350  18550  20650  21000  23600
    |           |             |  24950  26150  28000  29450  32250  34200  36350
    |           |             |  37400  37600  37750  37800  39400  39800  40500
    |           |             |  40750  41050  41100  41200  41300  41350  41800
    |           |             |  43950  44150  44200  44350  44550  45300  45500
    |           |             |  48250  48300  48350  48400  48500  48550  48650
    |           |             |  48700  49000  55450  55750  55800  55900  57050
    |           |             |  57100  59800  60950  61800  61850  62150  62200
    |           |             |  62250  62300  62450  62600  62750  66200  66350
    |           |             |  68750  68800  69150  69850  69950  70200  70950
    |           |             |  71250  71500  71600  71850  72000  72100  72800
    |           |             |  72850  72950  73000  73100  73150  73400  73550
    |           |             |  73650  73700  73800  74250  74400  74750  75100
    |           |             |  75250  75350  75600  76050  76150  76300  77500
    |           |             |  78300  78800  78850  79350  79450  79700  79750
    |           |             |  80400  82700  83250  85350  85850  86350  87200
    |           |             |  87250  87650  88200  88300  88350  88400  88600
    |           |             |  89200  89800  93800  96250  97550  98600  98750
    |           |             |  98850  99300 100100 100200 100850 101000 101100
    |           |             | 101250 101850 102500 103150 103600 104050 104200
    |           |             | 104600 105300 105450 105700 106400 106450 106600
    |           |             | 108500 108800 108850 109350 110650 111200 111300
    |           |             | 111350 111450 111500 111700 113400 116750 116900
    |           |             | 117100 117800 118000 118100 118450 119350 120000
    |           |             | 120150 120750 121150 121600 123000 123500 123700
    |           |             | 123950 124000 124900 125000 125050 125100 125150
    |           |             | 125200 125700 126500 127450 128250 128300 128600
    |           |             | 128700 128750 128900 129100 129350 134900 134950
    |           |             | 135000 135350 135500 135850 139700 140000 140050
    |           |             | 140200 141750 141850 142800 144500 145450 145800
    |           |             | 145850 145950 146000 146900 147000 154900 155200
    |           |             | 156000 159900 159950 162850 162900 162950 163000
    |           |             | 163350 163550 163800 163900 164250 164950 165050
    |           |             | 165100 165450 165550 165600 165950 166500 166650
    |           |             | 166750 166800 167000 167150 167250 167400 167550
    |           |             | 167900 167950 170600 172950 173400 175950 180550
    |           |             | 181000 181100 181400 181500 181850 181950 182050
    |           |             | 182150 182600 183450 184200 184550 184600 185050
    |           |             | 186600 186700 187250 188200 188500 188750 188950
    |           |             | 189350 190750 192400 194250 194300 194400 194500
    |           |             | 195950 197000 197100 197150 197250 197900 197950
    |           |             | 198100 198400 198550 198950 199000 199050 199300
    |           |             | 199350 199450 199550 199650 199700 199850 199950
    |           |             | 200450 201250 201300 201450 201600 201750 201800
    |           |             | 201850 201900 202050 202500 203350 203650 203850
    |           |             | 204000 204200 204250 204300 204550 204700 205150
    |           |             | 205200 206150 207850 208000 208200 208400 208450
    |           |             | 208500 208750 208800 208850 209000 209400 209500
    |           |             | 209600 209950 210200 210300 210350 210400 210450
    |           |             | 210500 210650 210700 210750 210900 210950 211000
    |           |             | 211050 211100 211150 211350 211400 213600 213700
    |           |             | 213950 214200 214400 215650 215700 222100 223300
    |           |             | 223850 223900 224100 224200 224250 226200 226250
    |           |             | 226350 226900 227350 227600 227800 227850 227950
    |           |             | 228200 228250 228350
  2 | 247  0.216 |  80250 .177 |   3850   5950   6600   6950   9350  10600  16200
    |           |             |  17550  18400  24350  24400  24450  26100  26300
    |           |             |  27100  27150  27300  28250  29950  30000  30300
    |           |             |  31700  31850  36800  36850  38000  38200  39450
    |           |             |  39750  39850  39950  40000  40050  40100  40150
    |           |             |  40200  40400  40550  40650  40900  40950  41400
    |           |             |  41500  41550  43750  43800  43900  44650  45100
    |           |             |  45400  45450  45850  46400  46750  46850  47500
    |           |             |  47650  48150  48200  49150  49700  51800  55000
    |           |             |  55250  57750  57950  58200  68050  68300  69700
    |           |             |  70450  73350  74050  75450  76350  77250  78650
    |           |             |  78700  79100  79400  79500  79650  79800  80100
    |           |             |  80150  80250  84700  84900  85150  85600  85950
    |           |             |  89000  90300  90700  95450  96150  96350  97600
    |           |             |  98100  98900 100600 101050 102550 102750 103050
    |           |             | 103550 103900 104000 104100 104400 104650 104700
    |           |             | 104750 104800 104850 105100 105200 105400 105750
    |           |             | 108450 108650 109100 109600 109950 110100 111400
    |           |             | 112100 119300 119400 119450 120600 121100 121400
    |           |             | 121450 129300 134750 135150 135200 135300 135400
    |           |             | 135550 135600 136100 139250 139300 139650 139750
    |           |             | 141450 142150 142250 142350 142400 143000 143800
    |           |             | 145100 145400 145550 146500 146750 146950 147150
    |           |             | 147200 147500 147850 148200 149450 154100 155250
    |           |             | 155850 155900 156150 156200 158950 159350 160550
    |           |             | 160600 161400 161450 161900 162150 162550 163050
    |           |             | 163250 163400 163500 163700 164550 164750 164800
    |           |             | 164900 165400 166350 167650 167750 170500 173350
    |           |             | 173450 175650 178600 180050 180100 180200 180300
    |           |             | 182850 183150 183250 183350 183600 183650 183700
    |           |             | 185750 186300 186800 187100 195900 196750 196800
    |           |             | 196850 197400 197650 197750 197800 198050 198600
    |           |             | 201150 205550 205700 205750 208550 209150 209200
    |           |             | 209850 209900 210000 210050 210100 210550 211250
    |           |             | 211300 211450 211550 222350 222550 223050 223400
    |           |             | 223550 227700
  3 | 202  0.216 | 170200 .175 |   9450  12250  13050  13400  13450  13800  13850
    |           |             |  14000  14300  14850  15400  15900  16300  16900
    |           |             |  23850  29750  29900  36700  36900  38550  41150
    |           |             |  42400  43050  43300  43350  45650  47750  47850
    |           |             |  47900  47950  48000  48050  48750  48900  49350
    |           |             |  49600  49850  56400  57500  57650  58900  59600
    |           |             |  62000  63150  64400  64600  64650  64850  64900
    |           |             |  66000  68950  69500  69550  69750  70000  70400
    |           |             |  70900  71100  71700  72300  73500  73850  73950
    |           |             |  74150  74550  74600  75050  77850  77900  78100
    |           |             |  78150  79300  80900  81000  81650  81850  87850
    |           |             |  88800  89050  89350  89400  89550  99150  99450
    |           |             |  99900 100000 102850 106500 108350 110600 110700
    |           |             | 111550 112650 113850 113900 114000 120450 121650
    |           |             | 121750 122800 122900 124350 126450 126650 127700
    |           |             | 127750 128050 128150 128350 128400 128450 128650
    |           |             | 128800 128850 129250 129750 130000 141250 144250
    |           |             | 144300 144350 145250 145750 146050 146300 146350
    |           |             | 147050 148450 156050 156500 163200 163950 164100
    |           |             | 166950 167050 167200 167850 168500 168550 168600
    |           |             | 168650 169150 169200 169250 169300 169500 169800
    |           |             | 170200 170450 170650 170800 170950 171200 171250
    |           |             | 172100 172200 176850 180600 180850 180900 181250
    |           |             | 182400 182650 183500 189100 189150 189450 189600
    |           |             | 190000 190050 190100 190250 190300 192000 193350
    |           |             | 193800 194550 196050 200250 200400 201550 201650
    |           |             | 202200 202250 203700 204600 204650 204900 205400
    |           |             | 208050 209250 212750 213550 225000 225250 225900
    |           |             | 226300 227100 227150 227200 227500 228000
  4 | 167  0.220 |  11000 .170 |   4150   8150   9900   9950  10000  10050  10100
    |           |             |  10700  10750  10850  10950  11000  11050  11250
    |           |             |  11550  12350  12750  12800  13550  13600  14450
    |           |             |  16100  19600  19900  20050  21150  21450  25650
    |           |             |  29050  29250  29600  30050  30100  30250  30550
    |           |             |  30600  30850  30900  31050  31100  31150  31300
    |           |             |  31800  32100  32150  32900  33000  33150  34100
    |           |             |  37650  39300  49250  49800  49950  50200  50400
    |           |             |  50500  50550  50950  51150  52350  52550  53100
    |           |             |  61700  65500  65550  66850  67200  67800  67850
    |           |             |  67900  67950  68000  70150  70350  70550  71150
    |           |             |  71300  71900  72200  75200  75750  75800  77450
    |           |             |  79000  79250  79550  79850  83400  83450  83500
    |           |             |  83550  83800  86150  86900  88850  88900  89850
    |           |             |  89900  90000  90500  91400 100500 101800 101900
    |           |             | 102000 102100 102250 126700 130500 130550 130700
    |           |             | 131400 131500 131750 134150 146100 147800 149150
    |           |             | 149400 149750 149800 156350 158300 159850 160000
    |           |             | 160200 160450 161200 161300 161350 161800 162100
    |           |             | 162400 163450 167350 168300 169000 176100 176750
    |           |             | 178700 178750 178900 179250 180650 190500 191050
    |           |             | 191200 191800 194900 199400 202650 202750 203100
    |           |             | 207800 215600 217000 217050 217100 217550 217600
    |           |             | 217900 221100 221250 221300 224450 225350
  5 | 142  0.212 |  93900 .168 |   7300   8200  11150  17500  17600  17700  18150
    |           |             |  18450  18700  19100  21700  25050  26200  26600
    |           |             |  26850  28200  31600  37050  39700  41250  44400
    |           |             |  45350  48950  57450  59650  59700  62650  68900
    |           |             |  70250  74500  75900  76400  76450  76800  77300
    |           |             |  78500  79150  84000  84050  84100  84300  84400
    |           |             |  85250  86050  87800  87900  88000  92500  93300
    |           |             |  93900  95100  95300  95400  95650 100450 100950
    |           |             | 101150 101200 101450 104350 105250 108200 108250
    |           |             | 120200 121500 121800 121850 121900 121950 122300
    |           |             | 122400 122450 122850 122950 136650 142850 144150
    |           |             | 146400 147600 151150 151450 151550 155350 155400
    |           |             | 156100 156400 156550 157900 160250 164050 164450
    |           |             | 166450 166550 169400 170850 170900 172350 172600
    |           |             | 174150 174650 175150 175300 175750 175900 176000
    |           |             | 176150 176550 176650 176700 177900 178850 181700
    |           |             | 182300 182450 182900 183000 183400 183750 183950
    |           |             | 184000 184100 184150 185000 188000 188350 189900
    |           |             | 189950 195250 197050 200300 206100 206250 206300
    |           |             | 208900 208950 209050 209550 214750 224350 225450
    |           |             | 227450 227650
  6 | 141  0.210 |  64550 .166 |   7400   7550   8300   9150   9300  11600  11800
    |           |             |  12100  12850  15250  19650  27050  33650  34650
    |           |             |  34900  35250  35300  35350  35450  35500  35550
    |           |             |  35600  35650  35700  35800  35850  35950  36150
    |           |             |  36200  36250  36300  36750  37000  43700  45700
    |           |             |  51000  51050  59950  63050  63100  63250  63700
    |           |             |  63750  63800  63850  63900  63950  64100  64200
    |           |             |  64350  64500  64550  64800  65900  70100  71800
    |           |             |  76200  77550  77600  81050  81500  82000  89100
    |           |             |  89250  89950  90200  92450  92650  97850  97950
    |           |             |  99000  99050  99250  99500  99600  99650 110400
    |           |             | 110500 110550 110850 111000 111100 112600 112750
    |           |             | 113650 117900 125450 127150 129050 129600 129700
    |           |             | 129950 161250 164150 166900 168000 168150 168250
    |           |             | 168400 168450 168700 168950 170700 170750 172800
    |           |             | 177600 179600 179700 179850 179900 179950 180000
    |           |             | 181350 190700 192350 192550 192650 193500 193600
    |           |             | 199500 201200 201500 202000 204150 204400 204500
    |           |             | 205250 205300 205450 205500 205650 207650 207700
    |           |             | 211700 212500 212900 213850 222200 226000 226100
    |           |             | 226150
  7 | 128  0.115 | 114500 .087 |  50600 106100 106200 112150 112250 112550 113000
    |           |             | 113100 113150 113450 113500 113550 113750 113800
    |           |             | 114200 114250 114400 114450 114500 114700 114750
    |           |             | 114800 115300 115350 115400 115600 116100 116150
    |           |             | 116550 116600 116700 116850 117150 117200 117500
    |           |             | 117650 117700 117850 118050 118150 118200 118250
    |           |             | 118300 118400 118500 118550 118600 118650 118700
    |           |             | 118750 118800 118950 119000 119150 119500 119550
    |           |             | 119750 120100 120300 120350 120400 120550 120950
    |           |             | 121700 123100 123300 123450 123550 123600 123800
    |           |             | 124100 124150 124850 125350 125750 125800 125850
    |           |             | 125950 126000 126200 126250 126300 126350 126550
    |           |             | 127250 127350 127400 128500 128950 129800 129900
    |           |             | 130050 130100 130400 131300 131700 131850 132000
    |           |             | 132350 132650 132750 132800 132850 132900 133050
    |           |             | 133150 133400 133500 133600 133850 133900 134300
    |           |             | 134700 135100 135450 135650 135750 135800 136600
    |           |             | 188100 188150 188250 188400 188550 188600 188700
    |           |             | 189550 194700
  8 | 114  0.208 |  34750 .160 |  13000  20700  21100  33200  33250  33300  33350
    |           |             |  33400  33450  33500  33550  33600  33700  33850
    |           |             |  33900  34050  34350  34550  34600  34750  50750
    |           |             |  50850  50900  51100  51200  51250  54600  55100
    |           |             |  55850  56850  58050  67250  67300  67350  69000
    |           |             |  69200  69800  81350  81400  81600  82200  82300
    |           |             |  82500  82550  82600  82800  82850  82900  82950
    |           |             |  83050  83100  83350  83600  84150  84200  86550
    |           |             |  87100  87300  94950  95250  97900  98050  99950
    |           |             | 100250 100300 100350 100750 111600 117250 117750
    |           |             | 123250 128000 138700 138850 138900 138950 149700
    |           |             | 157200 159650 177050 177100 177200 177300 177400
    |           |             | 177450 178000 178150 183550 194600 195300 195400
    |           |             | 195500 195550 199800 199900 200000 200050 200100
    |           |             | 200200 200350 200500 200550 200600 200950 201000
    |           |             | 201350 202300 202350 216950 217500 218900 218950
    |           |             | 222300 228050
  9 | 111  0.217 |  98550 .172 |   3800   5650   5750   5800   6650   6700   6900
    |           |             |   7350   7800   7900  14900  18200  23750  23800
    |           |             |  23950  24650  28350  31950  32450  32600  32950
    |           |             |  36600  37200  38300  38650  38800  38900  39050
    |           |             |  39250  39500  39550  40250  40350  40800  41450
    |           |             |  42750  43500  43550  44750  45000  45150  45250
    |           |             |  46700  46900  47550  49200  50150  50450  52250
    |           |             |  61500  68550  68650  74900  76500  76600  86700
    |           |             |  96100  97000  98000  98450  98500  98550  99800
    |           |             |  99850 100800 102950 103000 104500 105600 108550
    |           |             | 108750 109000 109050 110200 110300 111050 111150
    |           |             | 112450 115200 119600 125400 136150 136200 139100
    |           |             | 139400 139450 140150 140700 142300 142500 142550
    |           |             | 142600 146800 150500 150850 165750 175800 185150
    |           |             | 185200 185800 185950 198700 198850 198900 205900
    |           |             | 205950 209750 210250 211850 222600 225850
 10 |  94  0.200 | 226500 .164 |  11200  12550  14100  14250  15600  17050  19200
    |           |             |  26550  29350  29550  31750  31900  32500  32550
    |           |             |  37300  42850  43000  44950  48450  48600  49400
    |           |             |  49450  49650  71650  72150  72250  72350  72400
    |           |             |  72450  73200  73250  75500  77350  81250  86400
    |           |             |  87500  89300  89650  89700  93850 100900 106250
    |           |             | 124050 124400 124950 127900 128200 128550 129000
    |           |             | 129200 145200 147100 148800 160650 162650 162700
    |           |             | 165700 167300 167450 169100 170300 172300 176200
    |           |             | 176800 180150 180500 181300 181900 184900 188850
    |           |             | 188900 189200 189700 189800 192100 192200 193950
    |           |             | 198450 201700 201950 202550 203450 204050 204750
    |           |             | 204800 204950 208100 210600 223650 225650 226500
    |           |             | 226600 227000 227300
 11 |  91  0.122 |   4300 .090 |      0     50    100    150    200    250    300
    |           |             |    350    400    450    500    550    700    750
    |           |             |    800    850    950   1100   1150   1200   1250
    |           |             |   1300   1350   1400   1450   1500   1550   1650
    |           |             |   1700   1750   1800   1850   1900   1950   2000
    |           |             |   2050   2100   2200   2250   2300   2350   2400
    |           |             |   2450   2500   2550   2650   2700   2750   2800
    |           |             |   2950   3000   3050   3100   3150   3200   3300
    |           |             |   3350   3400   3500   3550   3600   3700   3750
    |           |             |   3900   3950   4000   4050   4100   4200   4250
    |           |             |   4300   4350   4450   4500   4550   4600   4650
    |           |             |   4700   4750   4800   4850   4900   4950   5000
    |           |             |   5050   5100   5150   5200   5250  59400  61550
 12 |  86  0.220 | 121350 .189 |   6400   7950   8000   8050   8100  15300  17950
    |           |             |  18100  34950  35050  38100  38400  39900  41900
    |           |             |  42700  44250  44300  44450  44500  44700  49900
    |           |             |  50100  53750  55350  58150  59000  71000  74700
    |           |             |  74800  75550  75950  76100  82400  87700  95950
    |           |             |  99400 103850 104250 104300 108100 108300 109500
    |           |             | 120250 121250 121300 121350 130250 130350 140100
    |           |             | 143300 144000 144050 144450 146700 147650 148250
    |           |             | 148700 152000 156250 157100 160050 161000 164400
    |           |             | 165500 165850 166400 166700 171650 172450 172850
    |           |             | 180400 180700 181200 182350 182700 195350 202100
    |           |             | 202150 208300 210150 216700 225100 225750 226400
    |           |             | 226950 227750
 13 |  77  0.218 | 165800 .172 |   7000  17800  17850  20800  21200  21300  26350
    |           |             |  26700  27200  38350  46450  46650  53550  54000
    |           |             |  54050  54100  54300  54450  54550  54800  54850
    |           |             |  54900  57850  73900  74000  74300  76700  81750
    |           |             |  81950  84800  84850  92850  93100  93250  94050
    |           |             |  95000  95200  95350  98350 100400 101350 101500
    |           |             | 101750 101950 105000 105050 106000 108600 115250
    |           |             | 116450 128100 144600 147250 147950 151400 156700
    |           |             | 160150 161500 162450 162600 165150 165800 166000
    |           |             | 172900 174950 175000 175100 175200 175350 175700
    |           |             | 184650 186250 186750 191150 209650 223700 224050
 14 |  71  0.218 | 179050 .177 |   7100   8650   8700  11300  11650  11850  12900
    |           |             |  30800  31500  31550  32300  32400  33100  57600
    |           |             |  67450  68500  68850  71200  83750  90050  90100
    |           |             | 107650 107700 109650 123050 123150 125600 130650
    |           |             | 130750 136050 136900 136950 137050 137600 137950
    |           |             | 138800 150050 156850 158450 158700 159050 161600
    |           |             | 161650 172400 175550 178650 178950 179050 186000
    |           |             | 190650 190800 190850 191250 191400 191550 191600
    |           |             | 191700 191750 191900 196650 202700 202800 202850
    |           |             | 202950 203050 206550 208150 208600 220750 220950
    |           |             | 222400
 15 |  65  0.217 |  52600 .173 |  10500  12500  12650  13150  13250  15200  19500
    |           |             |  23000  30500  34450  34500  37100  49050  49100
    |           |             |  50800  51350  51400  51600  52450  52600  52650
    |           |             |  52700  52750  54500  71950  72500  72550  72600
    |           |             |  75150  80350  82150  83300  83850  83900  86200
    |           |             |  86500  86600  89600  90950  93050  99200 100150
    |           |             | 100700 101400 101650 127100 130200 130300 134500
    |           |             | 156450 157450 167700 180750 180800 188300 188450
    |           |             | 195150 196000 196700 199200 202450 202600 203300
    |           |             | 225800 225950
 16 |  65  0.215 | 207300 .175 |   2600   8250   8750   8800   8850   8900   8950
    |           |             |   9050   9500  12000  17900  23100  34800  35750
    |           |             |  36100  36500  36650  59100  59150  64950  69250
    |           |             |  81900  82050 101600 122100 122550 122600 122650
    |           |             | 125650 126850 143850 145050 145350 160400 164300
    |           |             | 164600 164650 165250 169950 170100 173850 182750
    |           |             | 192250 193200 205000 205050 207250 207300 207450
    |           |             | 207500 207550 207600 207750 207900 212450 214650
    |           |             | 216550 224550 225300 225500 225550 225700 226450
    |           |             | 226650 226850
 17 |  64  0.222 | 115500 .178 |  22150  22250  22350  22450  23650  26400  41950
    |           |             |  54150  54200  56050  56150  56300  85300  85400
    |           |             |  85700  91050  91200  91250  91300  91500  91800
    |           |             |  91850  92250  92300  92350  94250  94300 109300
    |           |             | 109450 113950 114050 114150 114850 114900 115450
    |           |             | 115500 115650 115800 115900 116050 116400 116650
    |           |             | 117550 117600 119900 132050 132200 146600 149300
    |           |             | 149350 152450 159400 177850 179500 179750 188050
    |           |             | 194050 219150 219250 219300 219350 219500 219600
    |           |             | 219650
 18 |  64  0.223 |  81100 .179 |  12950  17250  19750  20000  20150  20200  20300
    |           |             |  20350  20600  22800  22900  23300  23350  23400
    |           |             |  37500  43150  43650  51550  54700  55650  56800
    |           |             |  65050  66550  67400  80850  81100  81150  81700
    |           |             | 114600 115050 115150 117050 118850 119050 119200
    |           |             | 119250 124650 127200 127650 127850 129450 131600
    |           |             | 131900 134200 135900 144850 144900 144950 147400
    |           |             | 147750 151300 155300 161750 172000 174100 174450
    |           |             | 217700 217750 218400 218550 218700 218750 219000
    |           |             | 220600
 19 |  49  0.212 |  78000 .170 |   7250   9600  18750  18800  18850  18900  22950
    |           |             |  28900  38950  51450  57150  59550  70850  77000
    |           |             |  77050  77100  77150  77950  78000  78050  78200
    |           |             |  78250  87750  90350  90900  97650 100650 157250
    |           |             | 157300 188650 189050 189750 189850 190600 195650
    |           |             | 195750 195800 196100 204350 213000 214900 214950
    |           |             | 215050 221600 221950 222000 222650 222950 225200
 20 |  48  0.225 |  74350 .182 |  14150  14500  14700  18650  24600  26800  65650
    |           |             |  66750  69100  74350  86100  88450  93450  93500
    |           |             |  95050 105350 106750 123650 124800 130900 150650
    |           |             | 150900 155450 155500 157750 158000 160300 161100
    |           |             | 163600 165900 166150 166200 166250 168900 173000
    |           |             | 174000 174850 175050 176500 177000 178800 199100
    |           |             | 199150 203250 203950 207350 215750 224700
 21 |  47  0.209 |  80550 .162 |  16800  24050  24750  25000  25150  41000  41600
    |           |             |  51650  53850  59750  60000  61600  61900  61950
    |           |             |  64000  80000  80050  80450  80500  80550  80600
    |           |             |  80700  80750  82350  83650  95500 106850 108150
    |           |             | 115850 116800 133750 136250 136350 148000 153700
    |           |             | 170150 171150 174600 215500 217150 217350 217950
    |           |             | 218000 218050 218300 218800 218850
 22 |  46  0.212 | 140950 .171 |  24200  32350  38450  39000  39100  40300  40600
    |           |             |  41650  42050  42900  45550  46100  46150  73300
    |           |             |  86750  86800  86850  94200  98400 103750 107450
    |           |             | 107550 109250 134050 140850 140950 143050 143150
    |           |             | 143200 143550 143750 150300 150350 150750 155000
    |           |             | 162000 162350 164500 166600 166850 186200 186850
    |           |             | 187900 192150 217250 217300
 23 |  45  0.215 | 130800 .180 |  11350  11700  20100  30700  30750  31000  32050
    |           |             |  69050  69900  70750  71550  79050  96000 102450
    |           |             | 130800 130850 131050 133350 136000 141550 141600
    |           |             | 141700 142100 158050 158400 158850 159000 159550
    |           |             | 159600 159750 159800 177350 187950 191450 203200
    |           |             | 206050 208700 215450 216100 216150 216200 216250
    |           |             | 221350 221500 228300
 24 |  44  0.220 | 181650 .190 |   9400  11950  12150  15850  15950  32700  32750
    |           |             |  34850  35400  35900  36050  37150  58700  58950
    |           |             |  63350  71450  76900  82650  95900 112350 117300
    |           |             | 117450 129400 129550 141000 154150 160100 169600
    |           |             | 169650 173750 179150 179200 179300 179350 179450
    |           |             | 181550 181600 181650 185900 193000 193050 207100
    |           |             | 211750 212550
 25 |  42  0.220 |  59900 .182 |   7700  21600  38050  50050  57350  58100  58250
    |           |             |  58300  58350  58600  59050  59350  59450  59500
    |           |             |  59900  82450  89750  93750 103800 103950 104550
    |           |             | 109400 122750 126950 132700 142900 144700 144750
    |           |             | 149100 149500 149550 149600 149650 151250 164700
    |           |             | 173050 177950 178550 181750 182500 211200 228150
 26 |  41  0.218 |  29700 .196 |  10400  20550  22500  29700  34250  37250  62400
    |           |             |  75850  80950  81450  82250  87350  89450  92700
    |           |             |  92750  92800  99700  99750 102600 127050 127950
    |           |             | 129850 149250 158500 158550 165000 165650 167500
    |           |             | 168050 168200 168350 168800 169900 176050 176250
    |           |             | 176400 179550 193100 199600 214100 227250
 27 |  40  0.214 |  85200 .188 |  19400  53800  53900  53950  55700  56000  56100
    |           |             |  56200  56250  59250  59300  60050  60100  60150
    |           |             |  60400  60650  62050  68100  68250  84950  85100
    |           |             |  85200  85650 105150 113300 148850 148950 154650
    |           |             | 154750 154800 192750 192800 193550 193650 193700
    |           |             | 193750 193850 194150 194200 194350
 28 |  39  0.192 | 153250 .154 | 102900 103200 103400 151700 151850 151900 151950
    |           |             | 152050 152100 152150 152250 152300 152350 152400
    |           |             | 152550 152600 152700 152900 152950 153000 153050
    |           |             | 153250 153350 153400 153600 153650 154000 211800
    |           |             | 211900 211950 212150 212200 212300 212600 212650
    |           |             | 212700 213250 219700 222900
 29 |  38  0.221 |  44050 .190 |   5700  12400  15150  19150  19300  20900  23250
    |           |             |  34000  42200  42650  44000  44050  44100  52300
    |           |             |  57200  61100  61750  66050  66150  90800  93700
    |           |             | 102150 102200 102800 124500 127600 134100 139950
    |           |             | 146250 162800 166300 168100 172150 180450 202900
    |           |             | 203150 205100 223100
 30 |  36  0.224 |  38150 .192 |  24000  24150  25800  38150  38250  38700  39150
    |           |             |  44850  49750  52950  53000  54350  62800  63500
    |           |             |  72750  90850  91150  91450  95750  95850  96400
    |           |             |  96450  97050 103500 136700 142950 144100 145700
    |           |             | 146550 148900 154600 159300 161550 183050 185850
    |           |             | 200850
 31 |  35  0.229 |  13750 .181 |   7050   7200   7450  13750  28550  29100  30450
    |           |             |  34150  43850  50300  67000  70600  74100  74200
    |           |             |  88650  90400  91350 116200 156800 156900 158250
    |           |             | 169350 186350 186900 196500 212400 214350 219950
    |           |             | 220250 220450 220500 221200 222150 223000 224650
 32 |  32  0.217 |  46550 .176 |  13900  24550  27250  38500  46550  63450  89150
    |           |             |  92200  93150  93200 102050 102300 125550 148350
    |           |             | 153800 153950 154450 154500 155700 155750 175400
    |           |             | 175500 184450 186150 189300 197350 198800 201100
    |           |             | 207150 220800 223750 223800
 33 |  31  0.220 |  14750 .179 |  14750  18000  19550  20400  21650  21750  22550
    |           |             |  23700  24250  44900  53650  54400  57300  64450
    |           |             |  65700  65750  82100  87400  90450 127300 129500
    |           |             | 166100 170350 175600 176300 176450 181800 207950
    |           |             | 213050 222700 223250
 34 |  30  0.217 |  43450 .176 |  12600  17400  18050  18250  19350  23500  26650
    |           |             |  29800  38750  43200  43450  43600  51850  54650
    |           |             |  65800  84250 127550 131000 139800 139850 139900
    |           |             | 150600 155800 172250 174350 174500 191850 196600
    |           |             | 217800 226800
 35 |  30  0.218 |  23550 .173 |   2900  19950  21500  21950  22000  22200  22650
    |           |             |  22700  23550  25700  25750  56750  67100  96300
    |           |             | 112200 112300 112400 114300 116300 116350 117950
    |           |             | 118900 120500 121000 121200 147550 154850 157000
    |           |             | 217200 222050
 36 |  29  0.216 | 122500 .183 |   5400  12050  14350  16550  30150  31650  35150
    |           |             |  57700  59850  65250  65300  65350  67550 121050
    |           |             | 122500 149850 151500 159200 159450 159500 160700
    |           |             | 160850 160950 173600 182250 201400 202400 214600
    |           |             | 226750
 37 |  28  0.220 | 108400 .179 |  14800  20250  20450  20750  20850  21550  21800
    |           |             |  21850  37850  50000  66650  73050  93000 108400
    |           |             | 111750 119100 120650 120700 134800 135950 179650
    |           |             | 190400 192600 213400 213450 213500 213750 218150
 38 |  28  0.204 |  60900 .161 |  46050  60200  60300  60350  60550  60600  60800
    |           |             |  60850  60900  61050  61150  61200  61250  61300
    |           |             |  61650  86000  88150 115750 124300 133000 133100
    |           |             | 137200 145900 167100 216750 216800 216850 219050
 39 |  27  0.219 |  91700 .178 |  14400  45950  49550  52500  60500  69300  84550
    |           |             |  91700  92150  92600  92950  94000  94100  94150
    |           |             |  94350 101700 127800 148600 155100 166050 184950
    |           |             | 185600 185700 187150 195700 206350 206600
 40 |  27  0.220 | 191350 .195 |  19850  56700  67500  67600  67750  68600  69600
    |           |             |  70050  70500 134850 138400 139000 139050 145300
    |           |             | 157050 159700 165200 177550 178050 178250 179100
    |           |             | 191350 191500 191950 215300 224850 228100
 41 |  25  0.218 |  11400 .194 |  11400  11500  18300  25250  46800  66700  66800
    |           |             |  75400  81200 110900 112000 112800 112950 117350
    |           |             | 120850 120900 122150 122250 156750 157700 173500
    |           |             | 173800 192300 192450 192700
 42 |  25  0.204 | 214550 .176 |  18950  28050  36000  72900  91000 184400 185650
    |           |             | 187300 187350 187400 187450 187500 187550 187700
    |           |             | 198250 198300 198350 198750 213300 213350 214050
    |           |             | 214300 214450 214500 214550
 43 |  25  0.227 | 136750 .190 |  16000  16450  32200  34300  36950  41850  48850
    |           |             |  57550  64150  74850  88100 102650 103300 110950
    |           |             | 115950 116250 132550 136750 140400 171050 194750
    |           |             | 194800 204100 205600 214850
 44 |  24  0.220 |  94800 .177 |  33750  35200  41750  78550  78750  78900  83700
    |           |             |  92400  94400  94450  94750  94800  94900 111800
    |           |             | 117400 119650 119700 149200 149900 175450 217650
    |           |             | 219200 222750 223200
 45 |  24  0.213 | 132250 .172 |   2150  40450  58850  61350  90150 106700 107600
    |           |             | 107750 107800 107850 114100 123350 125300 131450
    |           |             | 132250 132300 132400 134000 136450 150550 150700
    |           |             | 170550 179800 187750
 46 |  22  0.221 |  52050 .178 |  51700  52000  52050  52100  52150  52200  57400
    |           |             |  83950 108050 133200 137700 148100 148550 150800
    |           |             | 154300 170400 174550 186500 186550 209350 216400
    |           |             | 218200
 47 |  22  0.210 |  25900 .172 |   7500   7850   9650   9700  22050  25350  25850
    |           |             |  25900  26000  27450  27750  28100  28150  28850
    |           |             |  29150  42350  42600  47100  65600 158900 178100
    |           |             | 206950
 48 |  21  0.216 | 123200 .176 |  13700  33800  47600  58500  75300  75700  76550
    |           |             |  77200  86250 111850 123200 132950 137150 137250
    |           |             | 160350 161850 171550 172750 195200 200900 223600
 49 |  20  0.229 | 158100 .204 |  12200  23050  29500  65000  66900  66950  69650
    |           |             |  97800 101300 103650 126050 126800 158100 169750
    |           |             | 170250 173200 193250 216450 224750 224950
 50 |  19  0.220 | 185100 .181 |  19250 155550 156300 168850 177250 181050 182550
    |           |             | 184250 184300 184350 184500 184700 184750 185100
    |           |             | 185250 196150 213100 213200 216500
 51 |  19  0.230 |  91650 .207 |   9750   9800  55600  55950  60450  60700  60750
    |           |             |  68150  68450  78450  86450  91100  91550  91650
    |           |             | 109550 109750 109900 138550 208650
 52 |  18  0.231 |  25300 .189 |  22600  25200  25300  25500  29300 102350 103350
    |           |             | 105950 106050 106300 114350 114650 115000 137800
    |           |             | 139550 139600 171900 171950
 53 |  18  0.220 |  59200 .183 |   8400  12700  38850  58750  59200  71050  76950
    |           |             | 144550 145000 164200 167800 183100 185500 192850
    |           |             | 192950 193300 203400 225400
 54 |  17  0.227 | 165300 .187 |  13950  19800  36400  36450  49300  64250  69450
    |           |             | 124700 143500 143600 143950 165300 165350 206200
    |           |             | 206450 222250 224400
 55 |  17  0.216 |   6750 .177 |   3450   5550   6350   6750   6850   7750  56600
    |           |             |  87450 107300 107350 112500 113600 124600 124750
    |           |             | 189500 227400 227550
 56 |  16  0.159 | 141200 .125 | 138750 139500 140250 140300 140500 140600 140650
    |           |             | 140750 140800 140900 141100 141150 141200 187800
    |           |             | 218350 218450
 57 |  16  0.220 |  45050 .195 |  15000  24500  25950  39200  39600  42100  45050
    |           |             |  88500 107250 136300 137550 150400 155050 162250
    |           |             | 182000 206900
 58 |  16  0.216 |  97150 .177 |  32650  80650  97150 108900 109200 110350 124550
    |           |             | 141300 142700 150000 150250 151200 173100 212000
    |           |             | 212050 212100
 59 |  16  0.208 |  62950 .169 |   6500  52850  62850  62900  62950  63300  87000
    |           |             | 160500 173250 173900 173950 196950 200700 200750
    |           |             | 200800 207000
 60 |  16  0.220 |  93400 .205 |   6000  14950  26950  27000  41700  65150  79900
    |           |             |  84750  93400  99100 113200 127500 175250 176600
    |           |             | 189650 226700
 61 |  16  0.223 |  17350 .195 |  10450  12300  17350  72650  73600  73750  77400
    |           |             |  81300  83200  85500 111950 112050 142050 155950
    |           |             | 171350 200650
 62 |  16  0.221 | 171750 .181 |   6800  23900  66400  68200  81800  82750 116500
    |           |             | 137000 137300 137750 149000 154950 171700 171750
    |           |             | 180950 187850
 63 |  15  0.206 | 205350 .173 |  42550  47700  53300  62100 131650 131800 144650
    |           |             | 147350 158750 164850 182950 201050 205350 224000
    |           |             | 224300
 64 |  15  0.212 |  72050 .176 |  19700  23150  56950  57000  72050  75650  76000
    |           |             |  77800 195600 196300 196550 197300 197450 197500
    |           |             | 197700
 65 |  15  0.212 | 122000 .183 |  17150  50650  80800 106150 107150 107500 119800
    |           |             | 122000 125900 129150 151000 151050 157850 173300
    |           |             | 216600
 66 |  15  0.175 |  97250 .137 |  55150  55200  96700  96750  96800  96850  97100
    |           |             |  97250  97300  97350  97500  97700  97750 152750
    |           |             | 211600
 67 |  14  0.210 | 194950 .183 |  24850  84500  92550 123400 138650 163300 164000
    |           |             | 194850 194950 195000 195100 203600 203750 203800
 68 |  14  0.221 |  46600 .180 |   4400  17000  18600  40850  46500  46600  56500
    |           |             |  57900  64750 132500 134550 134600 145650 148750
 69 |  14  0.186 |  45800 .147 |  15100  16250  42450  42500  45750  45800  45900
    |           |             | 151750 152200 152650 152850 153300 153450 153500
 70 |  14  0.211 |   6100 .173 |   5450   5500   5900   6100  67650 102700 109150
    |           |             | 132150 146650 186450 187000 220350 220650 220900
 71 |  14  0.217 |  95600 .178 |  22750  58400  67700  95550  95600  95700  96050
    |           |             | 107900 108000 131950 153550 215150 215250 215350
 72 |  14  0.214 | 220550 .181 |  79200  95800  96200  96550 110150 146450 219750
    |           |             | 219850 219900 220000 220100 220150 220550 220850
 73 |  13  0.233 |  74950 .211 |  15350  63550  71750  74950  93650 142000 147700
    |           |             | 148300 154200 185550 186050 209300 216650
 74 |  13  0.223 |  66100 .177 |  28600  34400  66100  66300  86650 122050 147300
    |           |             | 186950 189000 190150 190200 199750 203000
 75 |  13  0.201 |  28700 .161 |  27500  27550  27650  27700  28650  28700  28750
    |           |             |  28800  28950  48800 141900 171500 209700
 76 |  13  0.211 |  94850 .166 |  92900  94500  94550  94600  94700  94850 148050
    |           |             | 150150 155650 184800 184850 214700 224900
 77 |  13  0.219 | 123750 .186 |  88750 123750 124250 124450 132450 138100 143350
    |           |             | 143450 159250 177150 187650 215950 216000
 78 |  13  0.216 |  31450 .188 |  22400  26050  28400  31450  33950  37700  47800
    |           |             |  80200  98150  98200  98950 126150 126400
 79 |  12  0.216 | 177800 .177 |  55050  58650  78350  85550 115100 177650 177700
    |           |             | 177800 189250 193450 194100 223150
 80 |  12  0.208 | 150950 .161 |   5850   6300  43100  46000  78600 107000 143100
    |           |             | 150950 151100 154700 161950 187600
 81 |  12  0.220 | 215200 .176 |  10350  51750  74450  76650 135050 156950 178400
    |           |             | 213900 214000 214800 215100 215200
 82 |  11  0.185 | 222450 .155 |  57800  65850  65950 100550 107050 213800 220700
    |           |             | 221150 221400 221550 222450
 83 |  11  0.223 | 204450 .214 |  19050  45600  51300  75000  96500 125500 157600
    |           |             | 162200 175850 191000 204450
 84 |  11  0.229 | 161050 .210 |   9850  78950 139350 140350 140550 143250 159100
    |           |             | 161050 190350 191650 197550
 85 |  11  0.202 |  16350 .175 |  16150  16350 106800 106900 107400 129650 137100
    |           |             | 158150 160900 171400 174900
 86 |  11  0.240 | 207400 .220 |   9200  14550 115550 131550 149950 158350 164350
    |           |             | 174400 199250 207400 221450
 87 |  11  0.201 |  53200 .167 |  46200  46350  53150  53200 103700 105800 113350
    |           |             | 122700 136800 180350 216050
 88 |  11  0.237 | 206400 .225 |   7650  63600  70800 110450 168750 171600 183900
    |           |             | 196250 206400 206500 206800
 89 |  10  0.191 |  53450 .150 |  21350  52400  53400  53450  53500  53600  53700
    |           |             |  54250  54750 221800
 90 |  10  0.217 | 157550 .200 |  15500  55500  55550  56650 110250 110800 138600
    |           |             | 157550 157650 219450
 91 |  10  0.217 |  77750 .200 |  25550  31400  64300  77750 131250 138250 138450
    |           |             | 146150 203500 215900
 92 |  10  0.214 |  30950 .170 |  28300  28450  28500  30950  50350 133550 137650
    |           |             | 141500 155150 221750
 93 |  10  0.215 | 221700 .178 |  26250  26750  26900  37450  51500  51900 133250
    |           |             | 171850 221650 221700
 94 |   9  0.246 | 173650 .211 |   9250  11450 133300 146200 173650 178300 182200
    |           |             | 185300 224800
 95 |   9  0.227 |  14050 .213 |  14050  29650  37350  89500 144400 145150 151350
    |           |             | 196200 208250
 96 |   9  0.218 |  26500 .179 |  26450  26500  30200  98800 105900 108950 142450
    |           |             | 148500 163850
 97 |   9  0.203 |  32850 .170 |  27800  32000  32800  32850  33050  84350  84450
    |           |             |  84600 146850
 98 |   9  0.231 | 142200 .210 |   6250  15050  16950  74650  83150 142200 144200
    |           |             | 148650 226550
 99 |   9  0.230 | 120800 .187 |  19450  42250  96600 106350 107950 118350 120800
    |           |             | 157800 216900
100 |   9  0.213 |   9550 .180 |   9550  90250  90550 152500 171800 196350 196900
    |           |             | 220400 225150
101 |   9  0.234 | 217400 .203 |  14600  19000  22100  38600  42950 131150 216350
    |           |             | 217400 217450
102 |   9  0.191 |  47150 .157 |  37550  47150  47200  47300  47350  47400 131350
    |           |             | 215400 215800
103 |   9  0.205 |   9100 .165 |   2850   8450   8500   8600   9000   9100  29200
    |           |             | 169700 192900
104 |   8  0.246 | 174750 .205 | 137900 162050 172550 172700 174050 174700 174750
    |           |             | 206850
105 |   8  0.216 |   7150 .176 |   3250   7150  15550  76750 155600 206750 220200
    |           |             | 222500
106 |   8  0.238 | 226050 .226 |  27950  93550 106650 162300 182800 191300 196400
    |           |             | 226050
107 |   7  0.230 | 135250 .205 |  56350 109850 135250 136550 148400 185350 185400
108 |   7  0.220 | 176900 .179 |  27350  29000  63400  76250 176900 217850 225600
109 |   7  0.222 |  66450 .207 |  64700  66450  70700  97200 116950 134650 178200
110 |   7  0.216 |  42150 .191 |  24100  39650  42150  87050  90650  90750 107100
111 |   7  0.216 |  47050 .181 |  46950  47000  47050  73450 122350 209100 209450
112 |   7  0.196 | 205850 .166 |   6150   6450 179400 205850 206000 206650 207200
113 |   7  0.211 | 156600 .192 |  53050  64050 121550 133800 135700 156600 156650
114 |   7  0.200 | 112850 .164 |  67050  83000 112850 112900 113050 122200 160750
115 |   7  0.195 | 104950 .161 | 104950 113700 123850 124200 154350 154400 180250
116 |   6  0.162 |  91750 .126 |  91600  91750  91900  92050  92100  93600
117 |   6  0.213 | 172050 .197 |  71350  71400 154050 154550 172050 215550
118 |   6  0.213 |  88550 .188 |  47250  66500  88550 167600 219100 223950
119 |   6  0.238 | 139150 .211 |  56550  61000 139150 139200 227050 227900
120 |   6  0.201 | 189400 .173 |  66600 111650 158200 189400 193900 194000
121 |   6  0.211 |  70300 .200 |   8350  70300 143700 143900 172650 212350
122 |   6  0.214 | 162500 .185 |  21250  23450 162500 163650 197600 219400
123 |   6  0.255 | 198500 .240 | 181450 190450 195050 197200 198500 220050
124 |   6  0.207 | 132100 .184 |   1600  85450 132100 208350 218250 218600
125 |   6  0.196 | 138200 .168 |  25100  58450 138050 138200 138300 138350
126 |   6  0.241 |  65400 .229 |  62500  65400 103250 111900 130150 171000
127 |   6  0.184 | 170050 .158 |   6200  68400 169450 169550 169850 170050
128 |   6  0.219 |  90600 .190 |  40700  86300  90600 104450 134400 221850
129 |   6  0.221 | 137850 .189 | 119850 136850 137450 137850 138150 138500
130 |   6  0.204 | 133650 .176 |  46250  46300  85750 101550 133650 134250
131 |   6  0.209 | 215850 .185 | 106950 137400 137500 151800 215850 218650
132 |   5  0.196 | 141350 .171 |  72700 133450 141350 141400 141650
133 |   5  0.179 |  55300 .163 |  55300  55400 147450 153100 153200
134 |   5  0.224 | 213150 .210 |  63650 126750 183850 213150 213650
135 |   5  0.237 | 198650 .230 |   6050  14650 127000 198650 224150
136 |   5  0.166 | 110050 .140 |  10200  10550 109700 110000 110050
137 |   5  0.222 |  50700 .203 |  50700  67150 145500 169050 181150
138 |   5  0.201 |  31350 .179 |  30650  31200  31250  31350 174300
139 |   5  0.225 |  18500 .207 |  18500  52900  63200 142750 149050
140 |   5  0.214 | 224600 .194 |  25450 143650 153900 204850 224600
141 |   5  0.239 | 186650 .229 |  27900 186650 187200 220300 221000
142 |   5  0.212 |  44800 .171 |  17300  44800 109800 125250 152800
143 |   4  0.247 |  50250 .239 |  50250 150450 186400 222850
144 |   4  0.240 |  66250 .225 |    650  37900  66250  77700
145 |   4  0.162 |    900 .137 |    900   1000   1050 104900
146 |   4  0.194 | 105500 .164 |  57250 105500 105550 105650
147 |   4  0.166 |  25400 .158 |  25400  25600  29400  29850
148 |   4  0.186 | 163150 .155 |  81550 108700 163100 163150
149 |   4  0.256 |  48100 .238 |  22850  48100  97400 176950
150 |   4  0.199 | 103450 .164 |  95150  99350 103100 103450
151 |   4  0.230 | 158600 .204 |  68350  78400 158600 192050
152 |   4  0.203 | 144800 .198 |  88700 144800 159150 182100
153 |   4  0.220 |  85000 .205 |   5300  51950  85000 126100
154 |   4  0.252 |  76850 .231 |  76850 179000 212950 214250
155 |   4  0.206 |  62700 .174 |  62700 136500 196450 207050
156 |   4  0.222 |  79950 .200 |  15650  79600  79950 219550
157 |   4  0.211 | 184050 .184 |  69400 184050 219800 222800
158 |   4  0.191 |  85900 .174 |  85800  85900 193150 193400
159 |   4  0.183 |  61400 .163 |  11900  61400  61450 141950
160 |   4  0.240 | 119950 .222 |  35000 119950 150200 157950
161 |   4  0.213 | 151600 .172 |  27600 151600 151650 153750
162 |   4  0.198 |  24700 .182 |  24700 107200 141800 171450
163 |   3  0.203 |  98650 .182 |  17450  98300  98650
164 |   3  0.122 | 212850 .102 | 211500 212250 212850
165 |   3  0.261 |  34700 .241 |  34700 161150 178450
166 |   3  0.193 |  21900 .175 |  21900  24300 171100
167 |   3  0.256 |  20500 .248 |  20500  39350 203900
168 |   3  0.218 |  49500 .200 |  49500  54950 161700
169 |   3  0.222 | 106550 .206 |  11750  58800 106550
170 |   3  0.200 |  88250 .189 |  56450  88250  96650
171 |   3  0.219 | 153150 .200 | 153150 173700 174200
172 |   3  0.217 | 223450 .197 |  43400 223450 223500
173 |   3  0.237 |  35100 .218 |   8550  35100 154250
174 |   3  0.197 |  53250 .175 |  52800  53250  53350
175 |   3  0.186 |  42800 .171 |  42300  42800 134450
176 |   3  0.218 | 225050 .193 | 190900 195450 225050
177 |   3  0.240 | 102400 .237 |  42000 102400 143400
178 |   3  0.225 | 132600 .215 | 104150 132600 216300
179 |   3  0.262 |  92000 .247 |  92000 138000 183800
180 |   3  0.215 |   7600 .194 |   7600  65450 183300
181 |   3  0.210 |  99550 .196 |  99550 205800 218100
182 |   3  0.135 | 157350 .112 | 157350 157400 157500
183 |   3  0.213 | 198150 .184 |  84650 198150 198200
184 |   2  0.192 |  45200 .192 |  45200 137350
185 |   2  0.176 | 187050 .176 | 187050 224500
186 |   2  0.199 | 110750 .199 | 110750 171300
187 |   2  0.310 | 194650 .310 | 194650 198000
188 |   2  0.238 |  87950 .238 |  87950 112700
189 |   2  0.184 | 158650 .184 | 158650 174800
190 |   2  0.235 | 114550 .235 | 114550 210850
191 |   2  0.228 | 195850 .228 | 195850 223350
192 |   2  0.166 |  93950 .166 |  93950  94650
193 |   2  0.230 |  23200 .230 |  23200  56900
194 |   2  0.191 |  21050 .191 |  21050 150100
195 |   2  0.243 | 173550 .243 | 173550 206700
196 |   2  0.196 |  58550 .196 |  58550 140450
197 |   2  0.198 |  60250 .198 |  60250 210800
198 |   2  0.258 | 126600 .258 | 126600 130450
199 |   2  0.225 | 117000 .225 | 117000 157150
200 |   2  0.292 |  62350 .292 |  62350  98700
201 |   2  0.194 |  98250 .194 |  98250 141050
202 |   2  0.184 | 209800 .184 | 209800 214150
203 |   2  0.236 |  69350 .236 |  69350 174250
204 |   2  0.104 |  65100 .104 |  65100  65200
205 |   2  0.152 | 162750 .152 | 162750 188800
206 |   2  0.243 |  58000 .243 |  58000 131100
207 |   2  0.242 |  36550 .242 |  36550 215000
208 |   2  0.234 |  24900 .234 |  24900 116000
209 |   2  0.248 |  70650 .248 |  70650 177750
210 |   2  0.237 |  68700 .237 |  68700 221900
211 |   2  0.246 | 170000 .246 | 170000 200150
212 |   2  0.198 | 123900 .198 | 123900 134350
213 |   2  0.181 | 178350 .181 | 178350 178500
214 |   2  0.192 | 100050 .192 | 100050 142650
215 |   2  0.258 | 126900 .258 | 126900 147900
216 |   2  0.113 |  10650 .113 |  10650  10800
217 |   2  0.126 |  30350 .126 |  30350  30400
218 |   2  0.250 | 172500 .250 | 172500 221050
219 |   2  0.288 |  77650 .288 |  77650  85050
220 |   1       | 212800      | 212800
221 |   1       |  88950      |  88950
222 |   1       |  43250      |  43250
223 |   1       |    600      |    600
224 |   1       | 160800      | 160800
225 |   1       | 120050      | 120050
226 |   1       |  96950      |  96950
227 |   1       |   3650      |   3650
228 |   1       |  63000      |  63000
229 |   1       |  87550      |  87550
230 |   1       |  24800      |  24800
231 |   1       |  80300      |  80300
232 |   1       |  97450      |  97450
233 |   1       |  86950      |  86950
234 |   1       |  21400      |  21400
235 |   1       |  62550      |  62550
236 |   1       |  20950      |  20950
237 |   1       | 158800      | 158800
238 |   1       |  87150      |  87150
239 |   1       | 185450      | 185450
240 |   1       | 133950      | 133950
241 |   1       | 136400      | 136400
242 |   1       | 148150      | 148150
243 |   1       |  96900      |  96900
244 |   1       | 131200      | 131200
245 |   1       | 115700      | 115700
246 |   1       | 153850      | 153850
247 |   1       |  27850      |  27850
248 |   1       | 191100      | 191100
249 |   1       | 192500      | 192500
250 |   1       | 211650      | 211650
251 |   1       | 163750      | 163750
252 |   1       |  37950      |  37950
253 |   1       | 190550      | 190550
254 |   1       |  47450      |  47450
255 |   1       | 111250      | 111250
256 |   1       | 186100      | 186100
257 |   1       |  91950      |  91950
258 |   1       | 133700      | 133700
259 |   1       | 145600      | 145600
260 |   1       | 197850      | 197850
261 |   1       |  22300      |  22300
262 |   1       | 190950      | 190950
263 |   1       | 194450      | 194450
264 |   1       | 218500      | 218500
265 |   1       |  88050      |  88050
266 |   1       |   5350      |   5350
267 |   1       |  87600      |  87600
268 |   1       |  44600      |  44600
269 |   1       | 130950      | 130950
270 |   1       | 177500      | 177500
271 |   1       | 114950      | 114950
272 |   1       | 130600      | 130600
273 |   1       |   5600      |   5600
274 |   1       | 105850      | 105850
275 |   1       | 176350      | 176350
276 |   1       |  27400      |  27400
277 |   1       | 173150      | 173150
278 |   1       | 113250      | 113250
279 |   1       |  93350      |  93350
280 |   1       | 203550      | 203550
281 |   1       | 183200      | 183200
